"------- Lead - stream response ------- "
"{\"Status\"=>\"Open - Not Contacted\", \"Id\"=>\"00Q7F000001D2iEUAS\"}"
"==== entity_hash"
"{:salesforce_id=>\"00Q7F000001D2iEUAS\", :status=>\"Open - Not Contacted\"}"
"------- Lead - stream response ------- "
"{\"Status\"=>\"Working - Contacted\", \"Id\"=>\"00Q7F000001D2iEUAS\"}"
"==== entity_hash"
"{:salesforce_id=>\"00Q7F000001D2iEUAS\", :status=>\"Working - Contacted\"}"
"------- Lead - stream response ------- "
"{\"Status\"=>\"Closed - Not Converted\", \"Id\"=>\"00Q7F000001D2iJUAS\"}"
"==== entity_hash"
"{:salesforce_id=>\"00Q7F000001D2iJUAS\", :status=>\"Closed - Not Converted\"}"
"------- Lead - stream response ------- "
"{\"Status\"=>\"Working - Contacted\", \"Id\"=>\"00Q7F000001D2iJUAS\"}"
"==== entity_hash"
"{:salesforce_id=>\"00Q7F000001D2iJUAS\", :status=>\"Working - Contacted\"}"
"------- Lead - stream response ------- "
"{\"Status\"=>\"Closed - Converted\", \"Id\"=>\"00Q7F000001D2iJUAS\"}"
"==== entity_hash"
"{:salesforce_id=>\"00Q7F000001D2iJUAS\", :status=>\"Closed - Converted\"}"
"------- Lead - stream response ------- "
"{\"Status\"=>\"Working - Contacted\", \"Id\"=>\"00Q7F000001D2vdUAC\"}"
"==== entity_hash"
"{:salesforce_id=>\"00Q7F000001D2vdUAC\", :status=>\"Working - Contacted\"}"
"------- Lead - stream response ------- "
"{\"Status\"=>\"Open - Not Contacted\", \"Id\"=>\"00Q7F000001DFfPUAW\"}"
"==== entity_hash"
"{:salesforce_id=>\"00Q7F000001DFfPUAW\", :status=>\"Open - Not Contacted\"}"
"------- Lead - stream response ------- "
"{\"Status\"=>\"Open - Not Contacted\", \"Id\"=>\"00Q7F000001DFfPUAW\"}"
"==== entity_hash"
"{:salesforce_id=>\"00Q7F000001DFfPUAW\", :status=>\"Open - Not Contacted\"}"
"------- Lead - stream response ------- "
"{\"Status\"=>\"Working - Contacted\", \"Id\"=>\"00Q7F000001DFfPUAW\"}"
"==== entity_hash"
"{:salesforce_id=>\"00Q7F000001DFfPUAW\", :status=>\"Working - Contacted\"}"
